  Main.cpp
Main.cpp(179): warning C4305: 'argument': truncation from 'double' to 'float'
Main.cpp(187): warning C4305: 'argument': truncation from 'double' to 'float'
Main.cpp(372): warning C4305: 'argument': truncation from 'double' to 'float'
Main.cpp(376): warning C4305: 'argument': truncation from 'double' to 'float'
Main.cpp(380): warning C4305: 'argument': truncation from 'double' to 'float'
Main.cpp(621): warning C4305: 'argument': truncation from 'double' to 'float'
Main.cpp(629): warning C4305: 'argument': truncation from 'double' to 'float'
Main.cpp(640): warning C4305: 'argument': truncation from 'double' to 'float'
Main.cpp(644): warning C4305: 'argument': truncation from 'double' to 'float'
Main.cpp(648): warning C4305: 'argument': truncation from 'double' to 'float'
Main.cpp(656): warning C4305: 'argument': truncation from 'double' to 'float'
Main.cpp(664): warning C4305: 'argument': truncation from 'double' to 'float'
Main.cpp(675): warning C4305: 'argument': truncation from 'double' to 'float'
Main.cpp(679): warning C4305: 'argument': truncation from 'double' to 'float'
Main.cpp(683): warning C4305: 'argument': truncation from 'double' to 'float'
  Generating code
  1 of 149 functions ( 0.7%) were compiled, the rest were copied from previous compilation.
    0 functions were new in current compilation
    0 functions had inline decision re-evaluated but remain unchanged
  Finished generating code
  Blackjack.vcxproj -> C:\Users\nicke\documents\visual studio 2015\Projects\Blackjack\Release\Blackjack.exe
